{"C:\\Users\\Mic\\Desktop\\Computer Science\\third year\\apps\\assigment 1 repo\\src\\server.ts": {"path":"C:\\Users\\Mic\\Desktop\\Computer Science\\third year\\apps\\assigment 1 repo\\src\\server.ts","all":false,"statementMap":{"0":{"start":{"line":1,"column":0},"end":{"line":1,"column":28}},"1":{"start":{"line":2,"column":0},"end":{"line":2,"column":16}},"2":{"start":{"line":3,"column":0},"end":{"line":3,"column":32}},"3":{"start":{"line":4,"column":0},"end":{"line":4,"column":37}},"4":{"start":{"line":5,"column":0},"end":{"line":5,"column":43}},"5":{"start":{"line":6,"column":0},"end":{"line":6,"column":45}},"6":{"start":{"line":7,"column":0},"end":{"line":7,"column":51}},"7":{"start":{"line":8,"column":0},"end":{"line":8,"column":45}},"8":{"start":{"line":9,"column":0},"end":{"line":9,"column":44}},"9":{"start":{"line":10,"column":0},"end":{"line":10,"column":0}},"10":{"start":{"line":11,"column":0},"end":{"line":11,"column":22}},"11":{"start":{"line":12,"column":0},"end":{"line":12,"column":27}},"12":{"start":{"line":13,"column":0},"end":{"line":13,"column":51}},"13":{"start":{"line":14,"column":0},"end":{"line":14,"column":30}},"14":{"start":{"line":15,"column":0},"end":{"line":15,"column":36}},"15":{"start":{"line":16,"column":0},"end":{"line":16,"column":30}},"16":{"start":{"line":17,"column":0},"end":{"line":17,"column":28}},"17":{"start":{"line":18,"column":0},"end":{"line":18,"column":0}},"18":{"start":{"line":19,"column":0},"end":{"line":19,"column":31}},"19":{"start":{"line":20,"column":0},"end":{"line":20,"column":48}},"20":{"start":{"line":21,"column":0},"end":{"line":21,"column":60}},"21":{"start":{"line":22,"column":0},"end":{"line":22,"column":0}},"22":{"start":{"line":23,"column":0},"end":{"line":23,"column":23}},"23":{"start":{"line":24,"column":0},"end":{"line":24,"column":52}},"24":{"start":{"line":25,"column":0},"end":{"line":25,"column":34}},"25":{"start":{"line":26,"column":0},"end":{"line":26,"column":54}},"26":{"start":{"line":27,"column":0},"end":{"line":27,"column":12}},"27":{"start":{"line":28,"column":0},"end":{"line":28,"column":14}},"28":{"start":{"line":29,"column":0},"end":{"line":29,"column":39}},"29":{"start":{"line":30,"column":0},"end":{"line":30,"column":21}},"30":{"start":{"line":31,"column":0},"end":{"line":31,"column":23}},"31":{"start":{"line":32,"column":0},"end":{"line":32,"column":10}},"32":{"start":{"line":33,"column":0},"end":{"line":33,"column":27}},"33":{"start":{"line":34,"column":0},"end":{"line":34,"column":24}},"34":{"start":{"line":35,"column":0},"end":{"line":35,"column":11}},"35":{"start":{"line":36,"column":0},"end":{"line":36,"column":5}},"36":{"start":{"line":37,"column":0},"end":{"line":37,"column":5}},"37":{"start":{"line":38,"column":0},"end":{"line":38,"column":2}},"38":{"start":{"line":39,"column":0},"end":{"line":39,"column":0}},"39":{"start":{"line":40,"column":0},"end":{"line":40,"column":23}}},"s":{"0":1,"1":1,"2":1,"3":1,"4":1,"5":1,"6":1,"7":1,"8":1,"9":1,"10":1,"11":1,"12":1,"13":1,"14":1,"15":1,"16":1,"17":1,"18":1,"19":1,"20":1,"21":1,"22":1,"23":1,"24":1,"25":0,"26":1,"27":1,"28":1,"29":1,"30":1,"31":1,"32":1,"33":0,"34":1,"35":1,"36":1,"37":1,"38":1,"39":1},"branchMap":{"0":{"type":"branch","line":21,"loc":{"start":{"line":21,"column":16},"end":{"line":21,"column":58}},"locations":[{"start":{"line":21,"column":16},"end":{"line":21,"column":58}}]},"1":{"type":"branch","line":23,"loc":{"start":{"line":23,"column":16},"end":{"line":38,"column":2}},"locations":[{"start":{"line":23,"column":16},"end":{"line":38,"column":2}}]},"2":{"type":"branch","line":24,"loc":{"start":{"line":24,"column":30},"end":{"line":37,"column":3}},"locations":[{"start":{"line":24,"column":30},"end":{"line":37,"column":3}}]},"3":{"type":"branch","line":25,"loc":{"start":{"line":25,"column":32},"end":{"line":27,"column":5}},"locations":[{"start":{"line":25,"column":32},"end":{"line":27,"column":5}}]},"4":{"type":"branch","line":30,"loc":{"start":{"line":30,"column":14},"end":{"line":32,"column":9}},"locations":[{"start":{"line":30,"column":14},"end":{"line":32,"column":9}}]}},"b":{"0":[1],"1":[1],"2":[1],"3":[0],"4":[1]},"fnMap":{"0":{"name":"initApp","decl":{"start":{"line":23,"column":16},"end":{"line":38,"column":2}},"loc":{"start":{"line":23,"column":16},"end":{"line":38,"column":2}},"line":23}},"f":{"0":1}}
,"C:\\Users\\Mic\\Desktop\\Computer Science\\third year\\apps\\assigment 1 repo\\src\\controllers\\authController.ts": {"path":"C:\\Users\\Mic\\Desktop\\Computer Science\\third year\\apps\\assigment 1 repo\\src\\controllers\\authController.ts","all":false,"statementMap":{"0":{"start":{"line":1,"column":0},"end":{"line":1,"column":0}},"1":{"start":{"line":2,"column":0},"end":{"line":2,"column":58}},"2":{"start":{"line":3,"column":0},"end":{"line":3,"column":55}},"3":{"start":{"line":4,"column":0},"end":{"line":4,"column":28}},"4":{"start":{"line":5,"column":0},"end":{"line":5,"column":31}},"5":{"start":{"line":6,"column":0},"end":{"line":6,"column":36}},"6":{"start":{"line":7,"column":0},"end":{"line":7,"column":0}},"7":{"start":{"line":8,"column":0},"end":{"line":8,"column":57}},"8":{"start":{"line":9,"column":0},"end":{"line":9,"column":9}},"9":{"start":{"line":10,"column":0},"end":{"line":10,"column":43}},"10":{"start":{"line":11,"column":0},"end":{"line":11,"column":46}},"11":{"start":{"line":12,"column":0},"end":{"line":12,"column":65}},"12":{"start":{"line":13,"column":0},"end":{"line":13,"column":45}},"13":{"start":{"line":14,"column":0},"end":{"line":14,"column":34}},"14":{"start":{"line":15,"column":0},"end":{"line":15,"column":37}},"15":{"start":{"line":16,"column":0},"end":{"line":16,"column":11}},"16":{"start":{"line":17,"column":0},"end":{"line":17,"column":35}},"17":{"start":{"line":18,"column":0},"end":{"line":18,"column":19}},"18":{"start":{"line":19,"column":0},"end":{"line":19,"column":34}},"19":{"start":{"line":20,"column":0},"end":{"line":20,"column":5}},"20":{"start":{"line":21,"column":0},"end":{"line":21,"column":2}},"21":{"start":{"line":22,"column":0},"end":{"line":22,"column":0}},"22":{"start":{"line":23,"column":0},"end":{"line":23,"column":16}},"23":{"start":{"line":24,"column":0},"end":{"line":24,"column":24}},"24":{"start":{"line":25,"column":0},"end":{"line":25,"column":24}},"25":{"start":{"line":26,"column":0},"end":{"line":26,"column":1}},"26":{"start":{"line":27,"column":0},"end":{"line":27,"column":0}},"27":{"start":{"line":28,"column":0},"end":{"line":28,"column":59}},"28":{"start":{"line":29,"column":0},"end":{"line":29,"column":36}},"29":{"start":{"line":30,"column":0},"end":{"line":30,"column":20}},"30":{"start":{"line":31,"column":0},"end":{"line":31,"column":5}},"31":{"start":{"line":32,"column":0},"end":{"line":32,"column":21}},"32":{"start":{"line":33,"column":0},"end":{"line":33,"column":44}},"33":{"start":{"line":34,"column":0},"end":{"line":34,"column":34}},"34":{"start":{"line":35,"column":0},"end":{"line":35,"column":20}},"35":{"start":{"line":36,"column":0},"end":{"line":36,"column":22}},"36":{"start":{"line":37,"column":0},"end":{"line":37,"column":6}},"37":{"start":{"line":38,"column":0},"end":{"line":38,"column":33}},"38":{"start":{"line":39,"column":0},"end":{"line":39,"column":50}},"39":{"start":{"line":40,"column":0},"end":{"line":40,"column":0}},"40":{"start":{"line":41,"column":0},"end":{"line":41,"column":35}},"41":{"start":{"line":42,"column":0},"end":{"line":42,"column":20}},"42":{"start":{"line":43,"column":0},"end":{"line":43,"column":22}},"43":{"start":{"line":44,"column":0},"end":{"line":44,"column":6}},"44":{"start":{"line":45,"column":0},"end":{"line":45,"column":33}},"45":{"start":{"line":46,"column":0},"end":{"line":46,"column":58}},"46":{"start":{"line":47,"column":0},"end":{"line":47,"column":12}},"47":{"start":{"line":48,"column":0},"end":{"line":48,"column":33}},"48":{"start":{"line":49,"column":0},"end":{"line":49,"column":34}},"49":{"start":{"line":50,"column":0},"end":{"line":50,"column":6}},"50":{"start":{"line":51,"column":0},"end":{"line":51,"column":2}},"51":{"start":{"line":52,"column":0},"end":{"line":52,"column":54}},"52":{"start":{"line":53,"column":0},"end":{"line":53,"column":9}},"53":{"start":{"line":54,"column":0},"end":{"line":54,"column":72}},"54":{"start":{"line":55,"column":0},"end":{"line":55,"column":20}},"55":{"start":{"line":56,"column":0},"end":{"line":56,"column":63}},"56":{"start":{"line":57,"column":0},"end":{"line":57,"column":19}},"57":{"start":{"line":58,"column":0},"end":{"line":58,"column":9}},"58":{"start":{"line":59,"column":0},"end":{"line":59,"column":85}},"59":{"start":{"line":60,"column":0},"end":{"line":60,"column":29}},"60":{"start":{"line":61,"column":0},"end":{"line":61,"column":63}},"61":{"start":{"line":62,"column":0},"end":{"line":62,"column":19}},"62":{"start":{"line":63,"column":0},"end":{"line":63,"column":9}},"63":{"start":{"line":64,"column":0},"end":{"line":64,"column":40}},"64":{"start":{"line":65,"column":0},"end":{"line":65,"column":49}},"65":{"start":{"line":66,"column":0},"end":{"line":66,"column":19}},"66":{"start":{"line":67,"column":0},"end":{"line":67,"column":9}},"67":{"start":{"line":68,"column":0},"end":{"line":68,"column":25}},"68":{"start":{"line":69,"column":0},"end":{"line":69,"column":47}},"69":{"start":{"line":70,"column":0},"end":{"line":70,"column":22}},"70":{"start":{"line":71,"column":0},"end":{"line":71,"column":49}},"71":{"start":{"line":72,"column":0},"end":{"line":72,"column":19}},"72":{"start":{"line":73,"column":0},"end":{"line":73,"column":9}},"73":{"start":{"line":74,"column":0},"end":{"line":74,"column":33}},"74":{"start":{"line":75,"column":0},"end":{"line":75,"column":35}},"75":{"start":{"line":76,"column":0},"end":{"line":76,"column":9}},"76":{"start":{"line":77,"column":0},"end":{"line":77,"column":52}},"77":{"start":{"line":78,"column":0},"end":{"line":78,"column":26}},"78":{"start":{"line":79,"column":0},"end":{"line":79,"column":29}},"79":{"start":{"line":80,"column":0},"end":{"line":80,"column":13}},"80":{"start":{"line":81,"column":0},"end":{"line":81,"column":48}},"81":{"start":{"line":82,"column":0},"end":{"line":82,"column":50}},"82":{"start":{"line":83,"column":0},"end":{"line":83,"column":30}},"83":{"start":{"line":84,"column":0},"end":{"line":84,"column":15}},"84":{"start":{"line":85,"column":0},"end":{"line":85,"column":0}},"85":{"start":{"line":86,"column":0},"end":{"line":86,"column":19}},"86":{"start":{"line":87,"column":0},"end":{"line":87,"column":34}},"87":{"start":{"line":88,"column":0},"end":{"line":88,"column":5}},"88":{"start":{"line":89,"column":0},"end":{"line":89,"column":2}},"89":{"start":{"line":90,"column":0},"end":{"line":90,"column":0}},"90":{"start":{"line":91,"column":0},"end":{"line":91,"column":62}},"91":{"start":{"line":92,"column":0},"end":{"line":92,"column":16}},"92":{"start":{"line":93,"column":0},"end":{"line":93,"column":6}},"93":{"start":{"line":94,"column":0},"end":{"line":94,"column":16}},"94":{"start":{"line":95,"column":0},"end":{"line":95,"column":1}},"95":{"start":{"line":96,"column":0},"end":{"line":96,"column":66}},"96":{"start":{"line":97,"column":0},"end":{"line":97,"column":52}},"97":{"start":{"line":98,"column":0},"end":{"line":98,"column":37}},"98":{"start":{"line":99,"column":0},"end":{"line":99,"column":28}},"99":{"start":{"line":100,"column":0},"end":{"line":100,"column":27}},"100":{"start":{"line":101,"column":0},"end":{"line":101,"column":19}},"101":{"start":{"line":102,"column":0},"end":{"line":102,"column":9}},"102":{"start":{"line":103,"column":0},"end":{"line":103,"column":22}},"103":{"start":{"line":104,"column":0},"end":{"line":104,"column":40}},"104":{"start":{"line":105,"column":0},"end":{"line":105,"column":27}},"105":{"start":{"line":106,"column":0},"end":{"line":106,"column":19}},"106":{"start":{"line":107,"column":0},"end":{"line":107,"column":9}},"107":{"start":{"line":108,"column":0},"end":{"line":108,"column":94}},"108":{"start":{"line":109,"column":0},"end":{"line":109,"column":22}},"109":{"start":{"line":110,"column":0},"end":{"line":110,"column":31}},"110":{"start":{"line":111,"column":0},"end":{"line":111,"column":22}},"111":{"start":{"line":112,"column":0},"end":{"line":112,"column":13}},"112":{"start":{"line":113,"column":0},"end":{"line":113,"column":41}},"113":{"start":{"line":114,"column":0},"end":{"line":114,"column":39}},"114":{"start":{"line":115,"column":0},"end":{"line":115,"column":17}},"115":{"start":{"line":116,"column":0},"end":{"line":116,"column":42}},"116":{"start":{"line":117,"column":0},"end":{"line":117,"column":62}},"117":{"start":{"line":118,"column":0},"end":{"line":118,"column":28}},"118":{"start":{"line":119,"column":0},"end":{"line":119,"column":35}},"119":{"start":{"line":120,"column":0},"end":{"line":120,"column":27}},"120":{"start":{"line":121,"column":0},"end":{"line":121,"column":17}},"121":{"start":{"line":122,"column":0},"end":{"line":122,"column":86}},"122":{"start":{"line":123,"column":0},"end":{"line":123,"column":43}},"123":{"start":{"line":124,"column":0},"end":{"line":124,"column":38}},"124":{"start":{"line":125,"column":0},"end":{"line":125,"column":35}},"125":{"start":{"line":126,"column":0},"end":{"line":126,"column":27}},"126":{"start":{"line":127,"column":0},"end":{"line":127,"column":17}},"127":{"start":{"line":128,"column":0},"end":{"line":128,"column":92}},"128":{"start":{"line":129,"column":0},"end":{"line":129,"column":43}},"129":{"start":{"line":130,"column":0},"end":{"line":130,"column":0}},"130":{"start":{"line":131,"column":0},"end":{"line":131,"column":30}},"131":{"start":{"line":132,"column":0},"end":{"line":132,"column":27}},"132":{"start":{"line":133,"column":0},"end":{"line":133,"column":31}},"133":{"start":{"line":134,"column":0},"end":{"line":134,"column":23}},"134":{"start":{"line":135,"column":0},"end":{"line":135,"column":13}},"135":{"start":{"line":136,"column":0},"end":{"line":136,"column":11}},"136":{"start":{"line":137,"column":0},"end":{"line":137,"column":7}},"137":{"start":{"line":138,"column":0},"end":{"line":138,"column":1}},"138":{"start":{"line":139,"column":0},"end":{"line":139,"column":0}},"139":{"start":{"line":140,"column":0},"end":{"line":140,"column":55}},"140":{"start":{"line":141,"column":0},"end":{"line":141,"column":9}},"141":{"start":{"line":142,"column":0},"end":{"line":142,"column":69}},"142":{"start":{"line":143,"column":0},"end":{"line":143,"column":26}},"143":{"start":{"line":144,"column":0},"end":{"line":144,"column":40}},"144":{"start":{"line":145,"column":0},"end":{"line":145,"column":19}},"145":{"start":{"line":146,"column":0},"end":{"line":146,"column":37}},"146":{"start":{"line":147,"column":0},"end":{"line":147,"column":5}},"147":{"start":{"line":148,"column":0},"end":{"line":148,"column":2}},"148":{"start":{"line":149,"column":0},"end":{"line":149,"column":0}},"149":{"start":{"line":150,"column":0},"end":{"line":150,"column":56}},"150":{"start":{"line":151,"column":0},"end":{"line":151,"column":9}},"151":{"start":{"line":152,"column":0},"end":{"line":152,"column":69}},"152":{"start":{"line":153,"column":0},"end":{"line":153,"column":20}},"153":{"start":{"line":154,"column":0},"end":{"line":154,"column":41}},"154":{"start":{"line":155,"column":0},"end":{"line":155,"column":19}},"155":{"start":{"line":156,"column":0},"end":{"line":156,"column":9}},"156":{"start":{"line":157,"column":0},"end":{"line":157,"column":47}},"157":{"start":{"line":158,"column":0},"end":{"line":158,"column":0}},"158":{"start":{"line":159,"column":0},"end":{"line":159,"column":22}},"159":{"start":{"line":160,"column":0},"end":{"line":160,"column":49}},"160":{"start":{"line":161,"column":0},"end":{"line":161,"column":19}},"161":{"start":{"line":162,"column":0},"end":{"line":162,"column":9}},"162":{"start":{"line":163,"column":0},"end":{"line":163,"column":33}},"163":{"start":{"line":164,"column":0},"end":{"line":164,"column":35}},"164":{"start":{"line":165,"column":0},"end":{"line":165,"column":9}},"165":{"start":{"line":166,"column":0},"end":{"line":166,"column":52}},"166":{"start":{"line":167,"column":0},"end":{"line":167,"column":26}},"167":{"start":{"line":168,"column":0},"end":{"line":168,"column":29}},"168":{"start":{"line":169,"column":0},"end":{"line":169,"column":13}},"169":{"start":{"line":170,"column":0},"end":{"line":170,"column":48}},"170":{"start":{"line":171,"column":0},"end":{"line":171,"column":50}},"171":{"start":{"line":172,"column":0},"end":{"line":172,"column":29}},"172":{"start":{"line":173,"column":0},"end":{"line":173,"column":15}},"173":{"start":{"line":174,"column":0},"end":{"line":174,"column":24}},"174":{"start":{"line":175,"column":0},"end":{"line":175,"column":19}},"175":{"start":{"line":176,"column":0},"end":{"line":176,"column":37}},"176":{"start":{"line":177,"column":0},"end":{"line":177,"column":5}},"177":{"start":{"line":178,"column":0},"end":{"line":178,"column":2}},"178":{"start":{"line":179,"column":0},"end":{"line":179,"column":0}},"179":{"start":{"line":180,"column":0},"end":{"line":180,"column":16}},"180":{"start":{"line":181,"column":0},"end":{"line":181,"column":16}},"181":{"start":{"line":182,"column":0},"end":{"line":182,"column":2}},"182":{"start":{"line":183,"column":0},"end":{"line":183,"column":0}},"183":{"start":{"line":184,"column":0},"end":{"line":184,"column":84}},"184":{"start":{"line":185,"column":0},"end":{"line":185,"column":54}},"185":{"start":{"line":186,"column":0},"end":{"line":186,"column":63}},"186":{"start":{"line":187,"column":0},"end":{"line":187,"column":0}},"187":{"start":{"line":188,"column":0},"end":{"line":188,"column":17}},"188":{"start":{"line":189,"column":0},"end":{"line":189,"column":46}},"189":{"start":{"line":190,"column":0},"end":{"line":190,"column":15}},"190":{"start":{"line":191,"column":0},"end":{"line":191,"column":5}},"191":{"start":{"line":192,"column":0},"end":{"line":192,"column":36}},"192":{"start":{"line":193,"column":0},"end":{"line":193,"column":45}},"193":{"start":{"line":194,"column":0},"end":{"line":194,"column":15}},"194":{"start":{"line":195,"column":0},"end":{"line":195,"column":5}},"195":{"start":{"line":196,"column":0},"end":{"line":196,"column":0}},"196":{"start":{"line":197,"column":0},"end":{"line":197,"column":67}},"197":{"start":{"line":198,"column":0},"end":{"line":198,"column":18}},"198":{"start":{"line":199,"column":0},"end":{"line":199,"column":50}},"199":{"start":{"line":200,"column":0},"end":{"line":200,"column":19}},"200":{"start":{"line":201,"column":0},"end":{"line":201,"column":9}},"201":{"start":{"line":202,"column":0},"end":{"line":202,"column":53}},"202":{"start":{"line":203,"column":0},"end":{"line":203,"column":15}},"203":{"start":{"line":204,"column":0},"end":{"line":204,"column":7}},"204":{"start":{"line":205,"column":0},"end":{"line":205,"column":2}},"205":{"start":{"line":206,"column":0},"end":{"line":206,"column":0}},"206":{"start":{"line":207,"column":0},"end":{"line":207,"column":16}},"207":{"start":{"line":208,"column":0},"end":{"line":208,"column":13}},"208":{"start":{"line":209,"column":0},"end":{"line":209,"column":10}},"209":{"start":{"line":210,"column":0},"end":{"line":210,"column":12}},"210":{"start":{"line":211,"column":0},"end":{"line":211,"column":10}},"211":{"start":{"line":212,"column":0},"end":{"line":212,"column":2}}},"s":{"0":1,"1":1,"2":1,"3":1,"4":1,"5":1,"6":1,"7":1,"8":1,"9":1,"10":1,"11":1,"12":1,"13":1,"14":1,"15":1,"16":1,"17":1,"18":0,"19":0,"20":1,"21":1,"22":1,"23":1,"24":1,"25":1,"26":1,"27":1,"28":1,"29":0,"30":0,"31":1,"32":1,"33":1,"34":1,"35":1,"36":1,"37":1,"38":1,"39":1,"40":1,"41":1,"42":1,"43":1,"44":1,"45":1,"46":1,"47":1,"48":1,"49":1,"50":1,"51":1,"52":1,"53":1,"54":1,"55":0,"56":0,"57":0,"58":1,"59":1,"60":0,"61":0,"62":0,"63":1,"64":0,"65":0,"66":0,"67":1,"68":1,"69":1,"70":0,"71":0,"72":0,"73":1,"74":0,"75":0,"76":1,"77":1,"78":1,"79":1,"80":1,"81":1,"82":1,"83":1,"84":1,"85":1,"86":0,"87":0,"88":1,"89":1,"90":1,"91":1,"92":1,"93":1,"94":1,"95":1,"96":8,"97":8,"98":8,"99":0,"100":0,"101":0,"102":8,"103":8,"104":0,"105":0,"106":0,"107":8,"108":8,"109":1,"110":1,"111":1,"112":7,"113":7,"114":7,"115":7,"116":7,"117":8,"118":0,"119":0,"120":0,"121":8,"122":3,"123":3,"124":3,"125":3,"126":3,"127":4,"128":4,"129":4,"130":4,"131":8,"132":0,"133":0,"134":0,"135":8,"136":8,"137":8,"138":1,"139":1,"140":2,"141":2,"142":1,"143":1,"144":1,"145":1,"146":1,"147":2,"148":1,"149":1,"150":6,"151":6,"152":6,"153":0,"154":0,"155":0,"156":3,"157":3,"158":6,"159":0,"160":0,"161":0,"162":6,"163":0,"164":0,"165":3,"166":3,"167":3,"168":3,"169":3,"170":3,"171":3,"172":3,"173":3,"174":3,"175":3,"176":3,"177":6,"178":1,"179":1,"180":1,"181":1,"182":1,"183":1,"184":3,"185":3,"186":3,"187":3,"188":0,"189":0,"190":0,"191":3,"192":0,"193":0,"194":0,"195":3,"196":3,"197":3,"198":0,"199":0,"200":0,"201":3,"202":3,"203":3,"204":3,"205":1,"206":1,"207":1,"208":1,"209":1,"210":1,"211":1},"branchMap":{"0":{"type":"branch","line":8,"loc":{"start":{"line":8,"column":17},"end":{"line":21,"column":2}},"locations":[{"start":{"line":8,"column":17},"end":{"line":21,"column":2}}]},"1":{"type":"branch","line":8,"loc":{"start":{"line":8,"column":55},"end":{"line":21,"column":2}},"locations":[{"start":{"line":8,"column":55},"end":{"line":21,"column":2}}]},"2":{"type":"branch","line":18,"loc":{"start":{"line":18,"column":6},"end":{"line":20,"column":5}},"locations":[{"start":{"line":18,"column":6},"end":{"line":20,"column":5}}]},"3":{"type":"branch","line":28,"loc":{"start":{"line":28,"column":22},"end":{"line":51,"column":2}},"locations":[{"start":{"line":28,"column":22},"end":{"line":51,"column":2}}]},"4":{"type":"branch","line":29,"loc":{"start":{"line":29,"column":35},"end":{"line":31,"column":5}},"locations":[{"start":{"line":29,"column":35},"end":{"line":31,"column":5}}]},"5":{"type":"branch","line":52,"loc":{"start":{"line":52,"column":14},"end":{"line":89,"column":2}},"locations":[{"start":{"line":52,"column":14},"end":{"line":89,"column":2}}]},"6":{"type":"branch","line":52,"loc":{"start":{"line":52,"column":52},"end":{"line":89,"column":2}},"locations":[{"start":{"line":52,"column":52},"end":{"line":89,"column":2}}]},"7":{"type":"branch","line":55,"loc":{"start":{"line":55,"column":19},"end":{"line":58,"column":9}},"locations":[{"start":{"line":55,"column":19},"end":{"line":58,"column":9}}]},"8":{"type":"branch","line":60,"loc":{"start":{"line":60,"column":28},"end":{"line":63,"column":9}},"locations":[{"start":{"line":60,"column":28},"end":{"line":63,"column":9}}]},"9":{"type":"branch","line":64,"loc":{"start":{"line":64,"column":39},"end":{"line":67,"column":9}},"locations":[{"start":{"line":64,"column":39},"end":{"line":67,"column":9}}]},"10":{"type":"branch","line":70,"loc":{"start":{"line":70,"column":21},"end":{"line":73,"column":9}},"locations":[{"start":{"line":70,"column":21},"end":{"line":73,"column":9}}]},"11":{"type":"branch","line":74,"loc":{"start":{"line":74,"column":32},"end":{"line":76,"column":9}},"locations":[{"start":{"line":74,"column":32},"end":{"line":76,"column":9}}]},"12":{"type":"branch","line":86,"loc":{"start":{"line":86,"column":6},"end":{"line":88,"column":5}},"locations":[{"start":{"line":86,"column":6},"end":{"line":88,"column":5}}]},"13":{"type":"branch","line":96,"loc":{"start":{"line":96,"column":27},"end":{"line":138,"column":1}},"locations":[{"start":{"line":96,"column":27},"end":{"line":138,"column":1}}]},"14":{"type":"branch","line":97,"loc":{"start":{"line":97,"column":30},"end":{"line":137,"column":5}},"locations":[{"start":{"line":97,"column":30},"end":{"line":137,"column":5}}]},"15":{"type":"branch","line":99,"loc":{"start":{"line":99,"column":27},"end":{"line":102,"column":9}},"locations":[{"start":{"line":99,"column":27},"end":{"line":102,"column":9}}]},"16":{"type":"branch","line":104,"loc":{"start":{"line":104,"column":39},"end":{"line":107,"column":9}},"locations":[{"start":{"line":104,"column":39},"end":{"line":107,"column":9}}]},"17":{"type":"branch","line":108,"loc":{"start":{"line":108,"column":59},"end":{"line":136,"column":10}},"locations":[{"start":{"line":108,"column":59},"end":{"line":136,"column":10}}]},"18":{"type":"branch","line":108,"loc":{"start":{"line":108,"column":92},"end":{"line":136,"column":9}},"locations":[{"start":{"line":108,"column":92},"end":{"line":136,"column":9}}]},"19":{"type":"branch","line":109,"loc":{"start":{"line":109,"column":21},"end":{"line":112,"column":13}},"locations":[{"start":{"line":109,"column":21},"end":{"line":112,"column":13}}]},"20":{"type":"branch","line":113,"loc":{"start":{"line":113,"column":-2},"end":{"line":118,"column":27}},"locations":[{"start":{"line":113,"column":-2},"end":{"line":118,"column":27}}]},"21":{"type":"branch","line":118,"loc":{"start":{"line":118,"column":27},"end":{"line":121,"column":17}},"locations":[{"start":{"line":118,"column":27},"end":{"line":121,"column":17}}]},"22":{"type":"branch","line":122,"loc":{"start":{"line":122,"column":-2},"end":{"line":122,"column":83}},"locations":[{"start":{"line":122,"column":-2},"end":{"line":122,"column":83}}]},"23":{"type":"branch","line":122,"loc":{"start":{"line":122,"column":85},"end":{"line":127,"column":17}},"locations":[{"start":{"line":122,"column":85},"end":{"line":127,"column":17}}]},"24":{"type":"branch","line":128,"loc":{"start":{"line":128,"column":-2},"end":{"line":132,"column":21}},"locations":[{"start":{"line":128,"column":-2},"end":{"line":132,"column":21}}]},"25":{"type":"branch","line":132,"loc":{"start":{"line":132,"column":14},"end":{"line":135,"column":13}},"locations":[{"start":{"line":132,"column":14},"end":{"line":135,"column":13}}]},"26":{"type":"branch","line":128,"loc":{"start":{"line":128,"column":57},"end":{"line":128,"column":90}},"locations":[{"start":{"line":128,"column":57},"end":{"line":128,"column":90}}]},"27":{"type":"branch","line":140,"loc":{"start":{"line":140,"column":15},"end":{"line":148,"column":2}},"locations":[{"start":{"line":140,"column":15},"end":{"line":148,"column":2}}]},"28":{"type":"branch","line":140,"loc":{"start":{"line":140,"column":53},"end":{"line":148,"column":2}},"locations":[{"start":{"line":140,"column":53},"end":{"line":148,"column":2}}]},"29":{"type":"branch","line":143,"loc":{"start":{"line":143,"column":-2},"end":{"line":147,"column":5}},"locations":[{"start":{"line":143,"column":-2},"end":{"line":147,"column":5}}]},"30":{"type":"branch","line":150,"loc":{"start":{"line":150,"column":16},"end":{"line":178,"column":2}},"locations":[{"start":{"line":150,"column":16},"end":{"line":178,"column":2}}]},"31":{"type":"branch","line":150,"loc":{"start":{"line":150,"column":54},"end":{"line":178,"column":2}},"locations":[{"start":{"line":150,"column":54},"end":{"line":178,"column":2}}]},"32":{"type":"branch","line":153,"loc":{"start":{"line":153,"column":-2},"end":{"line":153,"column":19}},"locations":[{"start":{"line":153,"column":-2},"end":{"line":153,"column":19}}]},"33":{"type":"branch","line":153,"loc":{"start":{"line":153,"column":19},"end":{"line":156,"column":9}},"locations":[{"start":{"line":153,"column":19},"end":{"line":156,"column":9}}]},"34":{"type":"branch","line":157,"loc":{"start":{"line":157,"column":-2},"end":{"line":159,"column":21}},"locations":[{"start":{"line":157,"column":-2},"end":{"line":159,"column":21}}]},"35":{"type":"branch","line":159,"loc":{"start":{"line":159,"column":21},"end":{"line":162,"column":9}},"locations":[{"start":{"line":159,"column":21},"end":{"line":162,"column":9}}]},"36":{"type":"branch","line":163,"loc":{"start":{"line":163,"column":-2},"end":{"line":163,"column":32}},"locations":[{"start":{"line":163,"column":-2},"end":{"line":163,"column":32}}]},"37":{"type":"branch","line":163,"loc":{"start":{"line":163,"column":32},"end":{"line":165,"column":9}},"locations":[{"start":{"line":163,"column":32},"end":{"line":165,"column":9}}]},"38":{"type":"branch","line":166,"loc":{"start":{"line":166,"column":-2},"end":{"line":177,"column":5}},"locations":[{"start":{"line":166,"column":-2},"end":{"line":177,"column":5}}]},"39":{"type":"branch","line":184,"loc":{"start":{"line":184,"column":30},"end":{"line":205,"column":2}},"locations":[{"start":{"line":184,"column":30},"end":{"line":205,"column":2}}]},"40":{"type":"branch","line":188,"loc":{"start":{"line":188,"column":16},"end":{"line":191,"column":5}},"locations":[{"start":{"line":188,"column":16},"end":{"line":191,"column":5}}]},"41":{"type":"branch","line":192,"loc":{"start":{"line":192,"column":35},"end":{"line":195,"column":5}},"locations":[{"start":{"line":192,"column":35},"end":{"line":195,"column":5}}]},"42":{"type":"branch","line":197,"loc":{"start":{"line":197,"column":48},"end":{"line":204,"column":5}},"locations":[{"start":{"line":197,"column":48},"end":{"line":204,"column":5}}]},"43":{"type":"branch","line":198,"loc":{"start":{"line":198,"column":17},"end":{"line":201,"column":9}},"locations":[{"start":{"line":198,"column":17},"end":{"line":201,"column":9}}]}},"b":{"0":[1],"1":[1],"2":[0],"3":[1],"4":[0],"5":[1],"6":[1],"7":[0],"8":[0],"9":[0],"10":[0],"11":[0],"12":[0],"13":[8],"14":[8],"15":[0],"16":[0],"17":[8],"18":[8],"19":[1],"20":[7],"21":[0],"22":[7],"23":[3],"24":[4],"25":[0],"26":[6],"27":[2],"28":[2],"29":[1],"30":[6],"31":[6],"32":[3],"33":[0],"34":[3],"35":[0],"36":[3],"37":[0],"38":[3],"39":[3],"40":[0],"41":[0],"42":[3],"43":[0]},"fnMap":{"0":{"name":"register","decl":{"start":{"line":8,"column":17},"end":{"line":21,"column":2}},"loc":{"start":{"line":8,"column":17},"end":{"line":21,"column":2}},"line":8},"1":{"name":"generateToken","decl":{"start":{"line":28,"column":22},"end":{"line":51,"column":2}},"loc":{"start":{"line":28,"column":22},"end":{"line":51,"column":2}},"line":28},"2":{"name":"login","decl":{"start":{"line":52,"column":14},"end":{"line":89,"column":2}},"loc":{"start":{"line":52,"column":14},"end":{"line":89,"column":2}},"line":52},"3":{"name":"verifyRefreshToken","decl":{"start":{"line":96,"column":27},"end":{"line":138,"column":1}},"loc":{"start":{"line":96,"column":27},"end":{"line":138,"column":1}},"line":96},"4":{"name":"logout","decl":{"start":{"line":140,"column":15},"end":{"line":148,"column":2}},"loc":{"start":{"line":140,"column":15},"end":{"line":148,"column":2}},"line":140},"5":{"name":"refresh","decl":{"start":{"line":150,"column":16},"end":{"line":178,"column":2}},"loc":{"start":{"line":150,"column":16},"end":{"line":178,"column":2}},"line":150},"6":{"name":"authMiddleware","decl":{"start":{"line":184,"column":30},"end":{"line":205,"column":2}},"loc":{"start":{"line":184,"column":30},"end":{"line":205,"column":2}},"line":184}},"f":{"0":1,"1":1,"2":1,"3":8,"4":2,"5":6,"6":3}}
,"C:\\Users\\Mic\\Desktop\\Computer Science\\third year\\apps\\assigment 1 repo\\src\\controllers\\baseController.ts": {"path":"C:\\Users\\Mic\\Desktop\\Computer Science\\third year\\apps\\assigment 1 repo\\src\\controllers\\baseController.ts","all":false,"statementMap":{"0":{"start":{"line":1,"column":0},"end":{"line":1,"column":44}},"1":{"start":{"line":2,"column":0},"end":{"line":2,"column":33}},"2":{"start":{"line":3,"column":0},"end":{"line":3,"column":0}},"3":{"start":{"line":4,"column":0},"end":{"line":4,"column":25}},"4":{"start":{"line":5,"column":0},"end":{"line":5,"column":20}},"5":{"start":{"line":6,"column":0},"end":{"line":6,"column":29}},"6":{"start":{"line":7,"column":0},"end":{"line":7,"column":27}},"7":{"start":{"line":8,"column":0},"end":{"line":8,"column":5}},"8":{"start":{"line":9,"column":0},"end":{"line":9,"column":0}},"9":{"start":{"line":10,"column":0},"end":{"line":10,"column":47}},"10":{"start":{"line":11,"column":0},"end":{"line":11,"column":93}},"11":{"start":{"line":12,"column":0},"end":{"line":12,"column":47}},"12":{"start":{"line":13,"column":0},"end":{"line":13,"column":0}},"13":{"start":{"line":14,"column":0},"end":{"line":14,"column":91}},"14":{"start":{"line":15,"column":0},"end":{"line":15,"column":80}},"15":{"start":{"line":16,"column":0},"end":{"line":16,"column":0}},"16":{"start":{"line":17,"column":0},"end":{"line":17,"column":13}},"17":{"start":{"line":18,"column":0},"end":{"line":18,"column":90}},"18":{"start":{"line":19,"column":0},"end":{"line":19,"column":58}},"19":{"start":{"line":20,"column":0},"end":{"line":20,"column":25}},"20":{"start":{"line":21,"column":0},"end":{"line":21,"column":40}},"21":{"start":{"line":22,"column":0},"end":{"line":22,"column":9}},"22":{"start":{"line":23,"column":0},"end":{"line":23,"column":5}},"23":{"start":{"line":24,"column":0},"end":{"line":24,"column":0}},"24":{"start":{"line":25,"column":0},"end":{"line":25,"column":0}},"25":{"start":{"line":26,"column":0},"end":{"line":26,"column":48}},"26":{"start":{"line":27,"column":0},"end":{"line":27,"column":33}},"27":{"start":{"line":28,"column":0},"end":{"line":28,"column":13}},"28":{"start":{"line":29,"column":0},"end":{"line":29,"column":64}},"29":{"start":{"line":30,"column":0},"end":{"line":30,"column":55}},"30":{"start":{"line":31,"column":0},"end":{"line":31,"column":31}},"31":{"start":{"line":32,"column":0},"end":{"line":32,"column":31}},"32":{"start":{"line":33,"column":0},"end":{"line":33,"column":20}},"33":{"start":{"line":34,"column":0},"end":{"line":34,"column":50}},"34":{"start":{"line":35,"column":0},"end":{"line":35,"column":13}},"35":{"start":{"line":36,"column":0},"end":{"line":36,"column":25}},"36":{"start":{"line":37,"column":0},"end":{"line":37,"column":40}},"37":{"start":{"line":38,"column":0},"end":{"line":38,"column":9}},"38":{"start":{"line":39,"column":0},"end":{"line":39,"column":6}},"39":{"start":{"line":40,"column":0},"end":{"line":40,"column":0}},"40":{"start":{"line":41,"column":0},"end":{"line":41,"column":47}},"41":{"start":{"line":42,"column":0},"end":{"line":42,"column":30}},"42":{"start":{"line":43,"column":0},"end":{"line":43,"column":13}},"43":{"start":{"line":44,"column":0},"end":{"line":44,"column":55}},"44":{"start":{"line":45,"column":0},"end":{"line":45,"column":39}},"45":{"start":{"line":46,"column":0},"end":{"line":46,"column":25}},"46":{"start":{"line":47,"column":0},"end":{"line":47,"column":40}},"47":{"start":{"line":48,"column":0},"end":{"line":48,"column":9}},"48":{"start":{"line":49,"column":0},"end":{"line":49,"column":6}},"49":{"start":{"line":50,"column":0},"end":{"line":50,"column":0}},"50":{"start":{"line":51,"column":0},"end":{"line":51,"column":51}},"51":{"start":{"line":52,"column":0},"end":{"line":52,"column":33}},"52":{"start":{"line":53,"column":0},"end":{"line":53,"column":13}},"53":{"start":{"line":54,"column":0},"end":{"line":54,"column":62}},"54":{"start":{"line":55,"column":0},"end":{"line":55,"column":37}},"55":{"start":{"line":56,"column":0},"end":{"line":56,"column":25}},"56":{"start":{"line":57,"column":0},"end":{"line":57,"column":40}},"57":{"start":{"line":58,"column":0},"end":{"line":58,"column":9}},"58":{"start":{"line":59,"column":0},"end":{"line":59,"column":19}},"59":{"start":{"line":60,"column":0},"end":{"line":60,"column":0}},"60":{"start":{"line":61,"column":0},"end":{"line":61,"column":66}},"61":{"start":{"line":62,"column":0},"end":{"line":62,"column":46}},"62":{"start":{"line":63,"column":0},"end":{"line":63,"column":46}},"63":{"start":{"line":64,"column":0},"end":{"line":64,"column":0}},"64":{"start":{"line":65,"column":0},"end":{"line":65,"column":48}},"65":{"start":{"line":66,"column":0},"end":{"line":66,"column":39}},"66":{"start":{"line":67,"column":0},"end":{"line":67,"column":4}},"67":{"start":{"line":68,"column":0},"end":{"line":68,"column":13}},"68":{"start":{"line":69,"column":0},"end":{"line":69,"column":56}},"69":{"start":{"line":70,"column":0},"end":{"line":70,"column":37}},"70":{"start":{"line":71,"column":0},"end":{"line":71,"column":79}},"71":{"start":{"line":72,"column":0},"end":{"line":72,"column":20}},"72":{"start":{"line":73,"column":0},"end":{"line":73,"column":44}},"73":{"start":{"line":74,"column":0},"end":{"line":74,"column":13}},"74":{"start":{"line":75,"column":0},"end":{"line":75,"column":25}},"75":{"start":{"line":76,"column":0},"end":{"line":76,"column":40}},"76":{"start":{"line":77,"column":0},"end":{"line":77,"column":9}},"77":{"start":{"line":78,"column":0},"end":{"line":78,"column":6}},"78":{"start":{"line":79,"column":0},"end":{"line":79,"column":0}},"79":{"start":{"line":80,"column":0},"end":{"line":80,"column":62}},"80":{"start":{"line":81,"column":0},"end":{"line":81,"column":33}},"81":{"start":{"line":82,"column":0},"end":{"line":82,"column":36}},"82":{"start":{"line":83,"column":0},"end":{"line":83,"column":13}},"83":{"start":{"line":84,"column":0},"end":{"line":84,"column":98}},"84":{"start":{"line":85,"column":0},"end":{"line":85,"column":31}},"85":{"start":{"line":86,"column":0},"end":{"line":86,"column":50}},"86":{"start":{"line":87,"column":0},"end":{"line":87,"column":20}},"87":{"start":{"line":88,"column":0},"end":{"line":88,"column":50}},"88":{"start":{"line":89,"column":0},"end":{"line":89,"column":13}},"89":{"start":{"line":90,"column":0},"end":{"line":90,"column":25}},"90":{"start":{"line":91,"column":0},"end":{"line":91,"column":40}},"91":{"start":{"line":92,"column":0},"end":{"line":92,"column":9}},"92":{"start":{"line":93,"column":0},"end":{"line":93,"column":5}},"93":{"start":{"line":94,"column":0},"end":{"line":94,"column":0}},"94":{"start":{"line":95,"column":0},"end":{"line":95,"column":96}},"95":{"start":{"line":96,"column":0},"end":{"line":96,"column":44}},"96":{"start":{"line":97,"column":0},"end":{"line":97,"column":48}},"97":{"start":{"line":98,"column":0},"end":{"line":98,"column":0}},"98":{"start":{"line":99,"column":0},"end":{"line":99,"column":26}},"99":{"start":{"line":100,"column":0},"end":{"line":100,"column":57}},"100":{"start":{"line":101,"column":0},"end":{"line":101,"column":19}},"101":{"start":{"line":102,"column":0},"end":{"line":102,"column":9}},"102":{"start":{"line":103,"column":0},"end":{"line":103,"column":71}},"103":{"start":{"line":104,"column":0},"end":{"line":104,"column":13}},"104":{"start":{"line":105,"column":0},"end":{"line":105,"column":55}},"105":{"start":{"line":106,"column":0},"end":{"line":106,"column":37}},"106":{"start":{"line":107,"column":0},"end":{"line":107,"column":86}},"107":{"start":{"line":108,"column":0},"end":{"line":108,"column":20}},"108":{"start":{"line":109,"column":0},"end":{"line":109,"column":44}},"109":{"start":{"line":110,"column":0},"end":{"line":110,"column":13}},"110":{"start":{"line":111,"column":0},"end":{"line":111,"column":25}},"111":{"start":{"line":112,"column":0},"end":{"line":112,"column":40}},"112":{"start":{"line":113,"column":0},"end":{"line":113,"column":9}},"113":{"start":{"line":114,"column":0},"end":{"line":114,"column":5}},"114":{"start":{"line":115,"column":0},"end":{"line":115,"column":4}},"115":{"start":{"line":116,"column":0},"end":{"line":116,"column":1}},"116":{"start":{"line":117,"column":0},"end":{"line":117,"column":0}},"117":{"start":{"line":118,"column":0},"end":{"line":118,"column":0}},"118":{"start":{"line":119,"column":0},"end":{"line":119,"column":29}}},"s":{"0":1,"1":1,"2":1,"3":1,"4":1,"5":1,"6":3,"7":3,"8":1,"9":1,"10":1,"11":1,"12":1,"13":1,"14":1,"15":1,"16":1,"17":1,"18":1,"19":1,"20":0,"21":0,"22":1,"23":1,"24":1,"25":1,"26":3,"27":3,"28":3,"29":3,"30":3,"31":1,"32":1,"33":1,"34":1,"35":3,"36":1,"37":1,"38":3,"39":1,"40":1,"41":1,"42":1,"43":1,"44":1,"45":1,"46":0,"47":0,"48":1,"49":1,"50":1,"51":2,"52":2,"53":2,"54":1,"55":1,"56":1,"57":1,"58":1,"59":1,"60":1,"61":0,"62":0,"63":0,"64":0,"65":0,"66":0,"67":0,"68":0,"69":0,"70":0,"71":0,"72":0,"73":0,"74":0,"75":0,"76":0,"77":0,"78":1,"79":1,"80":2,"81":2,"82":2,"83":2,"84":2,"85":0,"86":2,"87":1,"88":1,"89":2,"90":1,"91":1,"92":2,"93":1,"94":1,"95":0,"96":0,"97":0,"98":0,"99":0,"100":0,"101":0,"102":0,"103":0,"104":0,"105":0,"106":0,"107":0,"108":0,"109":0,"110":0,"111":0,"112":0,"113":0,"114":1,"115":1,"116":1,"117":1,"118":1},"branchMap":{"0":{"type":"branch","line":6,"loc":{"start":{"line":6,"column":4},"end":{"line":8,"column":5}},"locations":[{"start":{"line":6,"column":4},"end":{"line":8,"column":5}}]},"1":{"type":"branch","line":10,"loc":{"start":{"line":10,"column":10},"end":{"line":23,"column":5}},"locations":[{"start":{"line":10,"column":10},"end":{"line":23,"column":5}}]},"2":{"type":"branch","line":15,"loc":{"start":{"line":15,"column":19},"end":{"line":15,"column":40}},"locations":[{"start":{"line":15,"column":19},"end":{"line":15,"column":40}}]},"3":{"type":"branch","line":20,"loc":{"start":{"line":20,"column":10},"end":{"line":22,"column":9}},"locations":[{"start":{"line":20,"column":10},"end":{"line":22,"column":9}}]},"4":{"type":"branch","line":26,"loc":{"start":{"line":26,"column":10},"end":{"line":39,"column":6}},"locations":[{"start":{"line":26,"column":10},"end":{"line":39,"column":6}}]},"5":{"type":"branch","line":31,"loc":{"start":{"line":31,"column":-2},"end":{"line":31,"column":30}},"locations":[{"start":{"line":31,"column":-2},"end":{"line":31,"column":30}}]},"6":{"type":"branch","line":31,"loc":{"start":{"line":31,"column":30},"end":{"line":35,"column":13}},"locations":[{"start":{"line":31,"column":30},"end":{"line":35,"column":13}}]},"7":{"type":"branch","line":36,"loc":{"start":{"line":36,"column":10},"end":{"line":38,"column":9}},"locations":[{"start":{"line":36,"column":10},"end":{"line":38,"column":9}}]},"8":{"type":"branch","line":41,"loc":{"start":{"line":41,"column":10},"end":{"line":49,"column":6}},"locations":[{"start":{"line":41,"column":10},"end":{"line":49,"column":6}}]},"9":{"type":"branch","line":46,"loc":{"start":{"line":46,"column":10},"end":{"line":48,"column":9}},"locations":[{"start":{"line":46,"column":10},"end":{"line":48,"column":9}}]},"10":{"type":"branch","line":51,"loc":{"start":{"line":51,"column":10},"end":{"line":59,"column":6}},"locations":[{"start":{"line":51,"column":10},"end":{"line":59,"column":6}}]},"11":{"type":"branch","line":55,"loc":{"start":{"line":55,"column":-2},"end":{"line":58,"column":9}},"locations":[{"start":{"line":55,"column":-2},"end":{"line":58,"column":9}}]},"12":{"type":"branch","line":80,"loc":{"start":{"line":80,"column":10},"end":{"line":93,"column":5}},"locations":[{"start":{"line":80,"column":10},"end":{"line":93,"column":5}}]},"13":{"type":"branch","line":85,"loc":{"start":{"line":85,"column":-2},"end":{"line":85,"column":30}},"locations":[{"start":{"line":85,"column":-2},"end":{"line":85,"column":30}}]},"14":{"type":"branch","line":85,"loc":{"start":{"line":85,"column":30},"end":{"line":87,"column":13}},"locations":[{"start":{"line":85,"column":30},"end":{"line":87,"column":13}}]},"15":{"type":"branch","line":87,"loc":{"start":{"line":87,"column":13},"end":{"line":89,"column":13}},"locations":[{"start":{"line":87,"column":13},"end":{"line":89,"column":13}}]},"16":{"type":"branch","line":90,"loc":{"start":{"line":90,"column":10},"end":{"line":92,"column":9}},"locations":[{"start":{"line":90,"column":10},"end":{"line":92,"column":9}}]}},"b":{"0":[3],"1":[1],"2":[0],"3":[0],"4":[3],"5":[2],"6":[1],"7":[1],"8":[1],"9":[0],"10":[2],"11":[1],"12":[2],"13":[1],"14":[0],"15":[1],"16":[1]},"fnMap":{"0":{"name":"BaseController","decl":{"start":{"line":6,"column":4},"end":{"line":8,"column":5}},"loc":{"start":{"line":6,"column":4},"end":{"line":8,"column":5}},"line":6},"1":{"name":"getAll","decl":{"start":{"line":10,"column":10},"end":{"line":23,"column":5}},"loc":{"start":{"line":10,"column":10},"end":{"line":23,"column":5}},"line":10},"2":{"name":"getById","decl":{"start":{"line":26,"column":10},"end":{"line":39,"column":6}},"loc":{"start":{"line":26,"column":10},"end":{"line":39,"column":6}},"line":26},"3":{"name":"create","decl":{"start":{"line":41,"column":10},"end":{"line":49,"column":6}},"loc":{"start":{"line":41,"column":10},"end":{"line":49,"column":6}},"line":41},"4":{"name":"deleteItem","decl":{"start":{"line":51,"column":10},"end":{"line":59,"column":6}},"loc":{"start":{"line":51,"column":10},"end":{"line":59,"column":6}},"line":51},"5":{"name":"getByQuery","decl":{"start":{"line":61,"column":10},"end":{"line":78,"column":6}},"loc":{"start":{"line":61,"column":10},"end":{"line":78,"column":6}},"line":61},"6":{"name":"update","decl":{"start":{"line":80,"column":10},"end":{"line":93,"column":5}},"loc":{"start":{"line":80,"column":10},"end":{"line":93,"column":5}},"line":80},"7":{"name":"getByField","decl":{"start":{"line":95,"column":10},"end":{"line":114,"column":5}},"loc":{"start":{"line":95,"column":10},"end":{"line":114,"column":5}},"line":95}},"f":{"0":3,"1":1,"2":3,"3":1,"4":2,"5":0,"6":2,"7":0}}
,"C:\\Users\\Mic\\Desktop\\Computer Science\\third year\\apps\\assigment 1 repo\\src\\controllers\\commentController.ts": {"path":"C:\\Users\\Mic\\Desktop\\Computer Science\\third year\\apps\\assigment 1 repo\\src\\controllers\\commentController.ts","all":false,"statementMap":{"0":{"start":{"line":1,"column":0},"end":{"line":1,"column":66}},"1":{"start":{"line":2,"column":0},"end":{"line":2,"column":44}},"2":{"start":{"line":3,"column":0},"end":{"line":3,"column":46}},"3":{"start":{"line":4,"column":0},"end":{"line":4,"column":0}},"4":{"start":{"line":5,"column":0},"end":{"line":5,"column":72}},"5":{"start":{"line":6,"column":0},"end":{"line":6,"column":0}},"6":{"start":{"line":7,"column":0},"end":{"line":7,"column":0}},"7":{"start":{"line":8,"column":0},"end":{"line":8,"column":33}}},"s":{"0":1,"1":1,"2":1,"3":1,"4":1,"5":1,"6":1,"7":1},"branchMap":{},"b":{},"fnMap":{},"f":{}}
,"C:\\Users\\Mic\\Desktop\\Computer Science\\third year\\apps\\assigment 1 repo\\src\\controllers\\postController.ts": {"path":"C:\\Users\\Mic\\Desktop\\Computer Science\\third year\\apps\\assigment 1 repo\\src\\controllers\\postController.ts","all":false,"statementMap":{"0":{"start":{"line":1,"column":0},"end":{"line":1,"column":55}},"1":{"start":{"line":2,"column":0},"end":{"line":2,"column":44}},"2":{"start":{"line":3,"column":0},"end":{"line":3,"column":46}},"3":{"start":{"line":4,"column":0},"end":{"line":4,"column":0}},"4":{"start":{"line":5,"column":0},"end":{"line":5,"column":53}},"5":{"start":{"line":6,"column":0},"end":{"line":6,"column":19}},"6":{"start":{"line":7,"column":0},"end":{"line":7,"column":25}},"7":{"start":{"line":8,"column":0},"end":{"line":8,"column":5}},"8":{"start":{"line":9,"column":0},"end":{"line":9,"column":0}},"9":{"start":{"line":10,"column":0},"end":{"line":10,"column":47}},"10":{"start":{"line":11,"column":0},"end":{"line":11,"column":41}},"11":{"start":{"line":12,"column":0},"end":{"line":12,"column":22}},"12":{"start":{"line":13,"column":0},"end":{"line":13,"column":24}},"13":{"start":{"line":14,"column":0},"end":{"line":14,"column":25}},"14":{"start":{"line":15,"column":0},"end":{"line":15,"column":9}},"15":{"start":{"line":16,"column":0},"end":{"line":16,"column":24}},"16":{"start":{"line":17,"column":0},"end":{"line":17,"column":31}},"17":{"start":{"line":18,"column":0},"end":{"line":18,"column":6}},"18":{"start":{"line":19,"column":0},"end":{"line":19,"column":1}},"19":{"start":{"line":20,"column":0},"end":{"line":20,"column":0}},"20":{"start":{"line":21,"column":0},"end":{"line":21,"column":0}},"21":{"start":{"line":22,"column":0},"end":{"line":22,"column":37}}},"s":{"0":1,"1":1,"2":1,"3":1,"4":1,"5":1,"6":1,"7":1,"8":1,"9":1,"10":1,"11":1,"12":1,"13":1,"14":1,"15":1,"16":1,"17":1,"18":1,"19":1,"20":1,"21":1},"branchMap":{"0":{"type":"branch","line":6,"loc":{"start":{"line":6,"column":4},"end":{"line":8,"column":5}},"locations":[{"start":{"line":6,"column":4},"end":{"line":8,"column":5}}]},"1":{"type":"branch","line":10,"loc":{"start":{"line":10,"column":10},"end":{"line":18,"column":6}},"locations":[{"start":{"line":10,"column":10},"end":{"line":18,"column":6}}]}},"b":{"0":[1],"1":[1]},"fnMap":{"0":{"name":"PostsController","decl":{"start":{"line":6,"column":4},"end":{"line":8,"column":5}},"loc":{"start":{"line":6,"column":4},"end":{"line":8,"column":5}},"line":6},"1":{"name":"create","decl":{"start":{"line":10,"column":10},"end":{"line":18,"column":6}},"loc":{"start":{"line":10,"column":10},"end":{"line":18,"column":6}},"line":10}},"f":{"0":1,"1":1}}
,"C:\\Users\\Mic\\Desktop\\Computer Science\\third year\\apps\\assigment 1 repo\\src\\controllers\\userController.ts": {"path":"C:\\Users\\Mic\\Desktop\\Computer Science\\third year\\apps\\assigment 1 repo\\src\\controllers\\userController.ts","all":false,"statementMap":{"0":{"start":{"line":1,"column":0},"end":{"line":1,"column":44}},"1":{"start":{"line":2,"column":0},"end":{"line":2,"column":44}},"2":{"start":{"line":3,"column":0},"end":{"line":3,"column":46}},"3":{"start":{"line":4,"column":0},"end":{"line":4,"column":0}},"4":{"start":{"line":5,"column":0},"end":{"line":5,"column":53}},"5":{"start":{"line":6,"column":0},"end":{"line":6,"column":0}},"6":{"start":{"line":7,"column":0},"end":{"line":7,"column":30}}},"s":{"0":1,"1":1,"2":1,"3":1,"4":1,"5":1,"6":1},"branchMap":{},"b":{},"fnMap":{},"f":{}}
,"C:\\Users\\Mic\\Desktop\\Computer Science\\third year\\apps\\assigment 1 repo\\src\\models\\commentModel.ts": {"path":"C:\\Users\\Mic\\Desktop\\Computer Science\\third year\\apps\\assigment 1 repo\\src\\models\\commentModel.ts","all":false,"statementMap":{"0":{"start":{"line":1,"column":0},"end":{"line":1,"column":32}},"1":{"start":{"line":2,"column":0},"end":{"line":2,"column":0}},"2":{"start":{"line":3,"column":0},"end":{"line":3,"column":28}},"3":{"start":{"line":4,"column":0},"end":{"line":4,"column":18}},"4":{"start":{"line":5,"column":0},"end":{"line":5,"column":16}},"5":{"start":{"line":6,"column":0},"end":{"line":6,"column":17}},"6":{"start":{"line":7,"column":0},"end":{"line":7,"column":1}},"7":{"start":{"line":8,"column":0},"end":{"line":8,"column":55}},"8":{"start":{"line":9,"column":0},"end":{"line":9,"column":12}},"9":{"start":{"line":10,"column":0},"end":{"line":10,"column":17}},"10":{"start":{"line":11,"column":0},"end":{"line":11,"column":19}},"11":{"start":{"line":12,"column":0},"end":{"line":12,"column":4}},"12":{"start":{"line":13,"column":0},"end":{"line":13,"column":10}},"13":{"start":{"line":14,"column":0},"end":{"line":14,"column":17}},"14":{"start":{"line":15,"column":0},"end":{"line":15,"column":19}},"15":{"start":{"line":16,"column":0},"end":{"line":16,"column":4}},"16":{"start":{"line":17,"column":0},"end":{"line":17,"column":11}},"17":{"start":{"line":18,"column":0},"end":{"line":18,"column":17}},"18":{"start":{"line":19,"column":0},"end":{"line":19,"column":19}},"19":{"start":{"line":20,"column":0},"end":{"line":20,"column":4}},"20":{"start":{"line":21,"column":0},"end":{"line":21,"column":3}},"21":{"start":{"line":22,"column":0},"end":{"line":22,"column":0}},"22":{"start":{"line":23,"column":0},"end":{"line":23,"column":76}},"23":{"start":{"line":24,"column":0},"end":{"line":24,"column":0}},"24":{"start":{"line":25,"column":0},"end":{"line":25,"column":29}}},"s":{"0":1,"1":1,"2":1,"3":1,"4":1,"5":1,"6":1,"7":1,"8":1,"9":1,"10":1,"11":1,"12":1,"13":1,"14":1,"15":1,"16":1,"17":1,"18":1,"19":1,"20":1,"21":1,"22":1,"23":1,"24":1},"branchMap":{},"b":{},"fnMap":{},"f":{}}
,"C:\\Users\\Mic\\Desktop\\Computer Science\\third year\\apps\\assigment 1 repo\\src\\models\\postModel.ts": {"path":"C:\\Users\\Mic\\Desktop\\Computer Science\\third year\\apps\\assigment 1 repo\\src\\models\\postModel.ts","all":false,"statementMap":{"0":{"start":{"line":1,"column":0},"end":{"line":1,"column":32}},"1":{"start":{"line":2,"column":0},"end":{"line":2,"column":0}},"2":{"start":{"line":3,"column":0},"end":{"line":3,"column":24}},"3":{"start":{"line":4,"column":0},"end":{"line":4,"column":16}},"4":{"start":{"line":5,"column":0},"end":{"line":5,"column":18}},"5":{"start":{"line":6,"column":0},"end":{"line":6,"column":16}},"6":{"start":{"line":7,"column":0},"end":{"line":7,"column":1}},"7":{"start":{"line":8,"column":0},"end":{"line":8,"column":0}},"8":{"start":{"line":9,"column":0},"end":{"line":9,"column":47}},"9":{"start":{"line":10,"column":0},"end":{"line":10,"column":10}},"10":{"start":{"line":11,"column":0},"end":{"line":11,"column":17}},"11":{"start":{"line":12,"column":0},"end":{"line":12,"column":19}},"12":{"start":{"line":13,"column":0},"end":{"line":13,"column":4}},"13":{"start":{"line":14,"column":0},"end":{"line":14,"column":18}},"14":{"start":{"line":15,"column":0},"end":{"line":15,"column":10}},"15":{"start":{"line":16,"column":0},"end":{"line":16,"column":17}},"16":{"start":{"line":17,"column":0},"end":{"line":17,"column":19}},"17":{"start":{"line":18,"column":0},"end":{"line":18,"column":4}},"18":{"start":{"line":19,"column":0},"end":{"line":19,"column":3}},"19":{"start":{"line":20,"column":0},"end":{"line":20,"column":0}},"20":{"start":{"line":21,"column":0},"end":{"line":21,"column":61}},"21":{"start":{"line":22,"column":0},"end":{"line":22,"column":0}},"22":{"start":{"line":23,"column":0},"end":{"line":23,"column":25}}},"s":{"0":1,"1":1,"2":1,"3":1,"4":1,"5":1,"6":1,"7":1,"8":1,"9":1,"10":1,"11":1,"12":1,"13":1,"14":1,"15":1,"16":1,"17":1,"18":1,"19":1,"20":1,"21":1,"22":1},"branchMap":{},"b":{},"fnMap":{},"f":{}}
,"C:\\Users\\Mic\\Desktop\\Computer Science\\third year\\apps\\assigment 1 repo\\src\\models\\userModel.ts": {"path":"C:\\Users\\Mic\\Desktop\\Computer Science\\third year\\apps\\assigment 1 repo\\src\\models\\userModel.ts","all":false,"statementMap":{"0":{"start":{"line":1,"column":0},"end":{"line":1,"column":32}},"1":{"start":{"line":2,"column":0},"end":{"line":2,"column":0}},"2":{"start":{"line":3,"column":0},"end":{"line":3,"column":24}},"3":{"start":{"line":4,"column":0},"end":{"line":4,"column":16}},"4":{"start":{"line":5,"column":0},"end":{"line":5,"column":19}},"5":{"start":{"line":6,"column":0},"end":{"line":6,"column":15}},"6":{"start":{"line":7,"column":0},"end":{"line":7,"column":26}},"7":{"start":{"line":8,"column":0},"end":{"line":8,"column":1}},"8":{"start":{"line":9,"column":0},"end":{"line":9,"column":0}},"9":{"start":{"line":10,"column":0},"end":{"line":10,"column":47}},"10":{"start":{"line":11,"column":0},"end":{"line":11,"column":10}},"11":{"start":{"line":12,"column":0},"end":{"line":12,"column":17}},"12":{"start":{"line":13,"column":0},"end":{"line":13,"column":19}},"13":{"start":{"line":14,"column":0},"end":{"line":14,"column":17}},"14":{"start":{"line":15,"column":0},"end":{"line":15,"column":4}},"15":{"start":{"line":16,"column":0},"end":{"line":16,"column":13}},"16":{"start":{"line":17,"column":0},"end":{"line":17,"column":17}},"17":{"start":{"line":18,"column":0},"end":{"line":18,"column":19}},"18":{"start":{"line":19,"column":0},"end":{"line":19,"column":4}},"19":{"start":{"line":20,"column":0},"end":{"line":20,"column":17}},"20":{"start":{"line":21,"column":0},"end":{"line":21,"column":19}},"21":{"start":{"line":22,"column":0},"end":{"line":22,"column":16}},"22":{"start":{"line":23,"column":0},"end":{"line":23,"column":3}},"23":{"start":{"line":24,"column":0},"end":{"line":24,"column":3}},"24":{"start":{"line":25,"column":0},"end":{"line":25,"column":0}},"25":{"start":{"line":26,"column":0},"end":{"line":26,"column":61}},"26":{"start":{"line":27,"column":0},"end":{"line":27,"column":0}},"27":{"start":{"line":28,"column":0},"end":{"line":28,"column":25}}},"s":{"0":1,"1":1,"2":1,"3":1,"4":1,"5":1,"6":1,"7":1,"8":1,"9":1,"10":1,"11":1,"12":1,"13":1,"14":1,"15":1,"16":1,"17":1,"18":1,"19":1,"20":1,"21":1,"22":1,"23":1,"24":1,"25":1,"26":1,"27":1},"branchMap":{},"b":{},"fnMap":{},"f":{}}
,"C:\\Users\\Mic\\Desktop\\Computer Science\\third year\\apps\\assigment 1 repo\\src\\routes\\authRoutes.ts": {"path":"C:\\Users\\Mic\\Desktop\\Computer Science\\third year\\apps\\assigment 1 repo\\src\\routes\\authRoutes.ts","all":false,"statementMap":{"0":{"start":{"line":1,"column":0},"end":{"line":1,"column":0}},"1":{"start":{"line":2,"column":0},"end":{"line":2,"column":30}},"2":{"start":{"line":3,"column":0},"end":{"line":3,"column":32}},"3":{"start":{"line":4,"column":0},"end":{"line":4,"column":59}},"4":{"start":{"line":5,"column":0},"end":{"line":5,"column":0}},"5":{"start":{"line":6,"column":0},"end":{"line":6,"column":50}},"6":{"start":{"line":7,"column":0},"end":{"line":7,"column":0}},"7":{"start":{"line":8,"column":0},"end":{"line":8,"column":44}},"8":{"start":{"line":9,"column":0},"end":{"line":9,"column":0}},"9":{"start":{"line":10,"column":0},"end":{"line":10,"column":48}},"10":{"start":{"line":11,"column":0},"end":{"line":11,"column":0}},"11":{"start":{"line":12,"column":0},"end":{"line":12,"column":46}},"12":{"start":{"line":13,"column":0},"end":{"line":13,"column":0}},"13":{"start":{"line":14,"column":0},"end":{"line":14,"column":0}},"14":{"start":{"line":15,"column":0},"end":{"line":15,"column":22}}},"s":{"0":1,"1":1,"2":1,"3":1,"4":1,"5":1,"6":1,"7":1,"8":1,"9":1,"10":1,"11":1,"12":1,"13":1,"14":1},"branchMap":{},"b":{},"fnMap":{},"f":{}}
,"C:\\Users\\Mic\\Desktop\\Computer Science\\third year\\apps\\assigment 1 repo\\src\\routes\\commentRoutes.ts": {"path":"C:\\Users\\Mic\\Desktop\\Computer Science\\third year\\apps\\assigment 1 repo\\src\\routes\\commentRoutes.ts","all":false,"statementMap":{"0":{"start":{"line":1,"column":0},"end":{"line":1,"column":30}},"1":{"start":{"line":2,"column":0},"end":{"line":2,"column":32}},"2":{"start":{"line":3,"column":0},"end":{"line":3,"column":65}},"3":{"start":{"line":4,"column":0},"end":{"line":4,"column":0}},"4":{"start":{"line":5,"column":0},"end":{"line":5,"column":67}},"5":{"start":{"line":6,"column":0},"end":{"line":6,"column":0}},"6":{"start":{"line":7,"column":0},"end":{"line":7,"column":94}},"7":{"start":{"line":8,"column":0},"end":{"line":8,"column":0}},"8":{"start":{"line":9,"column":0},"end":{"line":9,"column":77}},"9":{"start":{"line":10,"column":0},"end":{"line":10,"column":0}},"10":{"start":{"line":11,"column":0},"end":{"line":11,"column":70}},"11":{"start":{"line":12,"column":0},"end":{"line":12,"column":0}},"12":{"start":{"line":13,"column":0},"end":{"line":13,"column":69}},"13":{"start":{"line":14,"column":0},"end":{"line":14,"column":0}},"14":{"start":{"line":15,"column":0},"end":{"line":15,"column":76}},"15":{"start":{"line":16,"column":0},"end":{"line":16,"column":0}},"16":{"start":{"line":17,"column":0},"end":{"line":17,"column":22}}},"s":{"0":1,"1":1,"2":1,"3":1,"4":1,"5":1,"6":1,"7":1,"8":1,"9":1,"10":1,"11":1,"12":1,"13":1,"14":1,"15":1,"16":1},"branchMap":{},"b":{},"fnMap":{},"f":{}}
,"C:\\Users\\Mic\\Desktop\\Computer Science\\third year\\apps\\assigment 1 repo\\src\\routes\\postRoutes.ts": {"path":"C:\\Users\\Mic\\Desktop\\Computer Science\\third year\\apps\\assigment 1 repo\\src\\routes\\postRoutes.ts","all":false,"statementMap":{"0":{"start":{"line":1,"column":0},"end":{"line":1,"column":30}},"1":{"start":{"line":2,"column":0},"end":{"line":2,"column":32}},"2":{"start":{"line":3,"column":0},"end":{"line":3,"column":59}},"3":{"start":{"line":4,"column":0},"end":{"line":4,"column":63}},"4":{"start":{"line":5,"column":0},"end":{"line":5,"column":0}},"5":{"start":{"line":6,"column":0},"end":{"line":6,"column":77}},"6":{"start":{"line":7,"column":0},"end":{"line":7,"column":0}},"7":{"start":{"line":8,"column":0},"end":{"line":8,"column":68}},"8":{"start":{"line":9,"column":0},"end":{"line":9,"column":0}},"9":{"start":{"line":10,"column":0},"end":{"line":10,"column":63}},"10":{"start":{"line":11,"column":0},"end":{"line":11,"column":0}},"11":{"start":{"line":12,"column":0},"end":{"line":12,"column":76}},"12":{"start":{"line":13,"column":0},"end":{"line":13,"column":0}},"13":{"start":{"line":14,"column":0},"end":{"line":14,"column":63}},"14":{"start":{"line":15,"column":0},"end":{"line":15,"column":0}},"15":{"start":{"line":16,"column":0},"end":{"line":16,"column":86}},"16":{"start":{"line":17,"column":0},"end":{"line":17,"column":0}},"17":{"start":{"line":18,"column":0},"end":{"line":18,"column":22}}},"s":{"0":1,"1":1,"2":1,"3":1,"4":1,"5":1,"6":1,"7":1,"8":1,"9":1,"10":1,"11":1,"12":1,"13":1,"14":1,"15":1,"16":1,"17":1},"branchMap":{},"b":{},"fnMap":{},"f":{}}
,"C:\\Users\\Mic\\Desktop\\Computer Science\\third year\\apps\\assigment 1 repo\\src\\routes\\userRoutes.ts": {"path":"C:\\Users\\Mic\\Desktop\\Computer Science\\third year\\apps\\assigment 1 repo\\src\\routes\\userRoutes.ts","all":false,"statementMap":{"0":{"start":{"line":1,"column":0},"end":{"line":1,"column":30}},"1":{"start":{"line":2,"column":0},"end":{"line":2,"column":32}},"2":{"start":{"line":3,"column":0},"end":{"line":3,"column":59}},"3":{"start":{"line":4,"column":0},"end":{"line":4,"column":0}},"4":{"start":{"line":5,"column":0},"end":{"line":5,"column":61}},"5":{"start":{"line":6,"column":0},"end":{"line":6,"column":0}},"6":{"start":{"line":7,"column":0},"end":{"line":7,"column":68}},"7":{"start":{"line":8,"column":0},"end":{"line":8,"column":0}},"8":{"start":{"line":9,"column":0},"end":{"line":9,"column":63}},"9":{"start":{"line":10,"column":0},"end":{"line":10,"column":0}},"10":{"start":{"line":11,"column":0},"end":{"line":11,"column":63}},"11":{"start":{"line":12,"column":0},"end":{"line":12,"column":0}},"12":{"start":{"line":13,"column":0},"end":{"line":13,"column":70}},"13":{"start":{"line":14,"column":0},"end":{"line":14,"column":0}},"14":{"start":{"line":15,"column":0},"end":{"line":15,"column":22}}},"s":{"0":1,"1":1,"2":1,"3":1,"4":1,"5":1,"6":1,"7":1,"8":1,"9":1,"10":1,"11":1,"12":1,"13":1,"14":1},"branchMap":{},"b":{},"fnMap":{},"f":{}}
}
